{"name": "test_play", "status": "failed", "statusDetails": {"message": "AssertionError: assert False == True\n +  where False = play()", "trace": "def test_play():\n>       assert play() == True\nE       assert False == True\nE        +  where False = play()\n\ntest_movie.py:273: AssertionError"}, "attachments": [{"name": "stdout", "source": "4929091c-f02e-4daa-b904-6cede107ca20-attachment.txt", "type": "text/plain"}], "start": 1738511766680, "stop": 1738511798915, "uuid": "b8bb6dc6-1a84-45da-b803-b3e6d51b3016", "historyId": "da25f6ee87ba7e27c9dfaf529da060e5", "testCaseId": "da25f6ee87ba7e27c9dfaf529da060e5", "fullName": "test_movie#test_play", "labels": [{"name": "suite", "value": "test_movie"}, {"name": "host", "value": "LAPTOP-OM609ID0"}, {"name": "thread", "value": "7724-MainThread"}, {"name": "framework", "value": "pytest"}, {"name": "language", "value": "cpython3"}, {"name": "package", "value": "test_movie"}]}