{"name": "test_search", "status": "failed", "statusDetails": {"message": "AssertionError: assert False == True\n +  where False = search()", "trace": "def test_search():\n>       assert search() == True\nE       assert False == True\nE        +  where False = search()\n\ntest_movie.py:267: AssertionError"}, "attachments": [{"name": "stdout", "source": "0ef565c9-0712-416b-9c7c-128357972815-attachment.txt", "type": "text/plain"}], "start": 1738500683005, "stop": 1738500693033, "uuid": "f763cf6a-ade8-48f4-a748-588044999c1f", "historyId": "57a8477f5e0790115c7a188d92dc11ab", "testCaseId": "57a8477f5e0790115c7a188d92dc11ab", "fullName": "test_movie#test_search", "labels": [{"name": "suite", "value": "test_movie"}, {"name": "host", "value": "LAPTOP-OM609ID0"}, {"name": "thread", "value": "18160-MainThread"}, {"name": "framework", "value": "pytest"}, {"name": "language", "value": "cpython3"}, {"name": "package", "value": "test_movie"}]}