{"name": "test_play", "status": "failed", "statusDetails": {"message": "AssertionError: assert False == True\n +  where False = play()", "trace": "def test_play():\n>       assert play() == True\nE       assert False == True\nE        +  where False = play()\n\ntest_movie.py:268: AssertionError"}, "attachments": [{"name": "stdout", "source": "3834ceee-24b3-4b01-abb3-3fca70eb3853-attachment.txt", "type": "text/plain"}], "start": 1738511112346, "stop": 1738511144868, "uuid": "914b6474-9eb1-4da0-8179-ed4f317fa9b1", "historyId": "da25f6ee87ba7e27c9dfaf529da060e5", "testCaseId": "da25f6ee87ba7e27c9dfaf529da060e5", "fullName": "test_movie#test_play", "labels": [{"name": "suite", "value": "test_movie"}, {"name": "host", "value": "LAPTOP-OM609ID0"}, {"name": "thread", "value": "17724-MainThread"}, {"name": "framework", "value": "pytest"}, {"name": "language", "value": "cpython3"}, {"name": "package", "value": "test_movie"}]}