{"name": "test_play", "status": "failed", "statusDetails": {"message": "AssertionError: assert False == True\n +  where False = play()", "trace": "def test_play():\n>       assert play() == True\nE       assert False == True\nE        +  where False = play()\n\ntest_movie.py:272: AssertionError"}, "attachments": [{"name": "stdout", "source": "d6a0f1e5-8cca-4a6b-b430-679134edd315-attachment.txt", "type": "text/plain"}], "start": 1738511587964, "stop": 1738511620215, "uuid": "b0c5fa2e-304a-4358-a112-3bd1e7d09040", "historyId": "da25f6ee87ba7e27c9dfaf529da060e5", "testCaseId": "da25f6ee87ba7e27c9dfaf529da060e5", "fullName": "test_movie#test_play", "labels": [{"name": "suite", "value": "test_movie"}, {"name": "host", "value": "LAPTOP-OM609ID0"}, {"name": "thread", "value": "11880-MainThread"}, {"name": "framework", "value": "pytest"}, {"name": "language", "value": "cpython3"}, {"name": "package", "value": "test_movie"}]}