{"name": "test_play", "status": "failed", "statusDetails": {"message": "AssertionError: assert False == True\n +  where False = play()", "trace": "def test_play():\n>       assert play() == True\nE       assert False == True\nE        +  where False = play()\n\ntest_movie.py:259: AssertionError"}, "attachments": [{"name": "stdout", "source": "6e1dd955-0f5b-4796-8fff-e8936885b734-attachment.txt", "type": "text/plain"}], "start": 1738500578553, "stop": 1738500609686, "uuid": "c89e0004-301b-46b2-bf93-a0197828af03", "historyId": "da25f6ee87ba7e27c9dfaf529da060e5", "testCaseId": "da25f6ee87ba7e27c9dfaf529da060e5", "fullName": "test_movie#test_play", "labels": [{"name": "suite", "value": "test_movie"}, {"name": "host", "value": "LAPTOP-OM609ID0"}, {"name": "thread", "value": "18160-MainThread"}, {"name": "framework", "value": "pytest"}, {"name": "language", "value": "cpython3"}, {"name": "package", "value": "test_movie"}]}